TN:
SF:index.js
FN:10,Is
FN:15,throw
FN:24,typeCheck
FN:31,instanceCheck
FN:39,symbolStringCheck
FN:46,compare
FN:53,defined
FN:62,any
FN:66,union
FN:91,finite
FN:98,NaN
FN:110,null
FN:115,array
FN:119,boolean
FN:123,bigInt
FN:127,date
FN:131,generator
FN:135,asyncGenerator
FN:139,globalThis
FN:143,infinity
FN:147,map
FN:151,weakMap
FN:155,number
FN:159,object
FN:163,promise
FN:167,regExp
FN:171,undefined
FN:175,set
FN:179,weakSet
FN:183,string
FN:187,symbol
FN:192,function
FN:196,asyncFunction
FN:200,generatorFunction
FN:204,asyncGeneratorFunction
FN:209,error
FN:213,evalError
FN:217,rangeError
FN:221,referenceError
FN:225,syntaxError
FN:229,typeError
FN:233,URIError
FN:238,bigInt64Array
FN:242,bigUint64Array
FN:246,float32Array
FN:250,float64Array
FN:254,int8Array
FN:258,int16Array
FN:262,int32Array
FN:266,uint8Array
FN:270,uint8ClampedArray
FN:274,uint16Array
FN:278,uint32Array
FN:283,arrayBuffer
FN:287,dataView
FN:291,sharedArrayBuffer
FN:296,intlDateTimeFormat
FN:300,intlCollator
FN:304,intlDisplayNames
FN:308,intlListFormat
FN:312,intlLocale
FN:316,intlNumberFormat
FN:320,intlPluralRules
FN:324,intlRelativeTimeFormat
FN:328,intlRelativeTimeFormat
FN:335,finalizationRegistry
FN:339,weakRef
FNF:67
FNH:24
FNDA:1,Is
FNDA:0,throw
FNDA:8,typeCheck
FNDA:6,instanceCheck
FNDA:2,symbolStringCheck
FNDA:2,compare
FNDA:0,defined
FNDA:0,any
FNDA:0,union
FNDA:1,finite
FNDA:1,NaN
FNDA:0,null
FNDA:1,array
FNDA:1,boolean
FNDA:1,bigInt
FNDA:1,date
FNDA:1,generator
FNDA:1,asyncGenerator
FNDA:1,globalThis
FNDA:1,infinity
FNDA:1,map
FNDA:0,weakMap
FNDA:2,number
FNDA:1,object
FNDA:1,promise
FNDA:1,regExp
FNDA:1,undefined
FNDA:1,set
FNDA:0,weakSet
FNDA:1,string
FNDA:1,symbol
FNDA:0,function
FNDA:0,asyncFunction
FNDA:0,generatorFunction
FNDA:0,asyncGeneratorFunction
FNDA:0,error
FNDA:0,evalError
FNDA:0,rangeError
FNDA:0,referenceError
FNDA:0,syntaxError
FNDA:0,typeError
FNDA:0,URIError
FNDA:0,bigInt64Array
FNDA:0,bigUint64Array
FNDA:0,float32Array
FNDA:0,float64Array
FNDA:0,int8Array
FNDA:0,int16Array
FNDA:0,int32Array
FNDA:0,uint8Array
FNDA:0,uint8ClampedArray
FNDA:0,uint16Array
FNDA:0,uint32Array
FNDA:0,arrayBuffer
FNDA:0,dataView
FNDA:0,sharedArrayBuffer
FNDA:0,intlDateTimeFormat
FNDA:0,intlCollator
FNDA:0,intlDisplayNames
FNDA:0,intlListFormat
FNDA:0,intlLocale
FNDA:0,intlNumberFormat
FNDA:0,intlPluralRules
FNDA:0,intlRelativeTimeFormat
FNDA:0,intlRelativeTimeFormat
FNDA:0,finalizationRegistry
FNDA:0,weakRef
DA:1,1
DA:2,1
DA:3,1
DA:4,1
DA:5,1
DA:6,1
DA:7,1
DA:8,1
DA:9,1
DA:10,1
DA:11,1
DA:12,1
DA:13,1
DA:14,1
DA:15,1
DA:16,0
DA:17,0
DA:18,0
DA:19,0
DA:20,0
DA:21,0
DA:22,0
DA:23,1
DA:24,1
DA:25,8
DA:26,8
DA:27,8
DA:28,0
DA:29,8
DA:30,1
DA:31,1
DA:32,6
DA:33,6
DA:34,6
DA:35,6
DA:36,0
DA:37,6
DA:38,1
DA:39,1
DA:40,2
DA:41,2
DA:42,2
DA:43,0
DA:44,2
DA:45,1
DA:46,1
DA:47,2
DA:48,2
DA:49,2
DA:50,0
DA:51,2
DA:52,1
DA:53,1
DA:54,0
DA:55,0
DA:56,0
DA:57,0
DA:58,0
DA:59,0
DA:60,0
DA:61,1
DA:62,1
DA:63,0
DA:64,0
DA:65,1
DA:66,1
DA:67,0
DA:68,0
DA:69,0
DA:70,0
DA:71,0
DA:72,0
DA:73,0
DA:74,0
DA:75,0
DA:76,0
DA:77,0
DA:78,0
DA:79,0
DA:80,0
DA:81,0
DA:82,0
DA:83,0
DA:84,0
DA:85,0
DA:86,0
DA:87,0
DA:88,0
DA:89,1
DA:90,1
DA:91,1
DA:92,1
DA:93,1
DA:94,1
DA:95,0
DA:96,1
DA:97,1
DA:98,1
DA:99,1
DA:100,0
DA:101,0
DA:102,1
DA:103,1
DA:104,1
DA:105,1
DA:106,0
DA:107,0
DA:108,1
DA:109,1
DA:110,1
DA:111,0
DA:112,0
DA:113,1
DA:114,1
DA:115,1
DA:116,1
DA:117,1
DA:118,1
DA:119,1
DA:120,1
DA:121,1
DA:122,1
DA:123,1
DA:124,1
DA:125,1
DA:126,1
DA:127,1
DA:128,1
DA:129,1
DA:130,1
DA:131,1
DA:132,1
DA:133,1
DA:134,1
DA:135,1
DA:136,1
DA:137,1
DA:138,1
DA:139,1
DA:140,1
DA:141,1
DA:142,1
DA:143,1
DA:144,1
DA:145,1
DA:146,1
DA:147,1
DA:148,1
DA:149,1
DA:150,1
DA:151,1
DA:152,0
DA:153,0
DA:154,1
DA:155,1
DA:156,2
DA:157,2
DA:158,1
DA:159,1
DA:160,1
DA:161,1
DA:162,1
DA:163,1
DA:164,1
DA:165,1
DA:166,1
DA:167,1
DA:168,1
DA:169,1
DA:170,1
DA:171,1
DA:172,1
DA:173,1
DA:174,1
DA:175,1
DA:176,1
DA:177,1
DA:178,1
DA:179,1
DA:180,0
DA:181,0
DA:182,1
DA:183,1
DA:184,1
DA:185,1
DA:186,1
DA:187,1
DA:188,1
DA:189,1
DA:190,1
DA:191,1
DA:192,1
DA:193,0
DA:194,0
DA:195,1
DA:196,1
DA:197,0
DA:198,0
DA:199,1
DA:200,1
DA:201,0
DA:202,0
DA:203,1
DA:204,1
DA:205,0
DA:206,0
DA:207,1
DA:208,1
DA:209,1
DA:210,0
DA:211,0
DA:212,1
DA:213,1
DA:214,0
DA:215,0
DA:216,1
DA:217,1
DA:218,0
DA:219,0
DA:220,1
DA:221,1
DA:222,0
DA:223,0
DA:224,1
DA:225,1
DA:226,0
DA:227,0
DA:228,1
DA:229,1
DA:230,0
DA:231,0
DA:232,1
DA:233,1
DA:234,0
DA:235,1
DA:236,1
DA:237,1
DA:238,1
DA:239,0
DA:240,0
DA:241,1
DA:242,1
DA:243,0
DA:244,0
DA:245,1
DA:246,1
DA:247,0
DA:248,0
DA:249,1
DA:250,1
DA:251,0
DA:252,0
DA:253,1
DA:254,1
DA:255,0
DA:256,0
DA:257,1
DA:258,1
DA:259,0
DA:260,0
DA:261,1
DA:262,1
DA:263,0
DA:264,0
DA:265,1
DA:266,1
DA:267,0
DA:268,0
DA:269,1
DA:270,1
DA:271,0
DA:272,0
DA:273,1
DA:274,1
DA:275,0
DA:276,0
DA:277,1
DA:278,1
DA:279,0
DA:280,0
DA:281,1
DA:282,1
DA:283,1
DA:284,0
DA:285,0
DA:286,1
DA:287,1
DA:288,0
DA:289,0
DA:290,1
DA:291,1
DA:292,0
DA:293,0
DA:294,1
DA:295,1
DA:296,1
DA:297,0
DA:298,0
DA:299,1
DA:300,1
DA:301,0
DA:302,0
DA:303,1
DA:304,1
DA:305,0
DA:306,0
DA:307,1
DA:308,1
DA:309,0
DA:310,0
DA:311,1
DA:312,1
DA:313,0
DA:314,0
DA:315,1
DA:316,1
DA:317,0
DA:318,0
DA:319,1
DA:320,1
DA:321,0
DA:322,0
DA:323,1
DA:324,1
DA:325,0
DA:326,0
DA:327,1
DA:328,1
DA:329,0
DA:330,0
DA:331,1
DA:332,1
DA:333,1
DA:334,1
DA:335,1
DA:336,0
DA:337,0
DA:338,1
DA:339,1
DA:340,0
DA:341,0
DA:342,1
DA:343,1
DA:344,1
LF:344
LH:220
BRDA:1,0,0,1
BRDA:10,1,0,1
BRDA:24,2,0,8
BRDA:28,3,0,0
BRDA:31,4,0,6
BRDA:36,5,0,0
BRDA:39,6,0,2
BRDA:43,7,0,0
BRDA:46,8,0,2
BRDA:50,9,0,0
BRDA:91,10,0,1
BRDA:95,11,0,0
BRDA:98,12,0,1
BRDA:99,13,0,0
BRDA:106,14,0,0
BRDA:115,15,0,1
BRDA:119,16,0,1
BRDA:123,17,0,1
BRDA:127,18,0,1
BRDA:131,19,0,1
BRDA:135,20,0,1
BRDA:139,21,0,1
BRDA:143,22,0,1
BRDA:147,23,0,1
BRDA:155,24,0,2
BRDA:159,25,0,1
BRDA:163,26,0,1
BRDA:167,27,0,1
BRDA:171,28,0,1
BRDA:175,29,0,1
BRDA:183,30,0,1
BRDA:187,31,0,1
BRF:32
BRH:25
end_of_record
