TN:
SF:index.js
FN:10,Is
FN:15,throw
FN:24,typeCheck
FN:31,instanceCheck
FN:39,symbolStringCheck
FN:46,compare
FN:57,defined
FN:66,any
FN:70,exists
FN:74,union
FN:99,finite
FN:106,NaN
FN:118,null
FN:123,array
FN:127,boolean
FN:131,bigInt
FN:135,date
FN:139,generator
FN:143,asyncGenerator
FN:147,globalThis
FN:151,infinity
FN:155,map
FN:159,weakMap
FN:163,number
FN:167,object
FN:171,promise
FN:175,regExp
FN:179,undefined
FN:183,set
FN:187,weakSet
FN:191,string
FN:195,symbol
FN:200,function
FN:204,asyncFunction
FN:208,generatorFunction
FN:212,asyncGeneratorFunction
FN:217,error
FN:221,evalError
FN:225,rangeError
FN:229,referenceError
FN:233,syntaxError
FN:237,typeError
FN:241,URIError
FN:246,bigInt64Array
FN:250,bigUint64Array
FN:254,float32Array
FN:258,float64Array
FN:262,int8Array
FN:266,int16Array
FN:270,int32Array
FN:274,uint8Array
FN:278,uint8ClampedArray
FN:282,uint16Array
FN:286,uint32Array
FN:291,arrayBuffer
FN:295,dataView
FN:299,sharedArrayBuffer
FN:304,intlDateTimeFormat
FN:308,intlCollator
FN:312,intlDisplayNames
FN:316,intlListFormat
FN:320,intlLocale
FN:324,intlNumberFormat
FN:328,intlPluralRules
FN:332,intlRelativeTimeFormat
FN:336,intlRelativeTimeFormat
FN:343,finalizationRegistry
FN:347,weakRef
FNF:68
FNH:65
FNDA:13,Is
FNDA:11,throw
FNDA:22,typeCheck
FNDA:38,instanceCheck
FNDA:5,symbolStringCheck
FNDA:3,compare
FNDA:6,defined
FNDA:1,any
FNDA:4,exists
FNDA:3,union
FNDA:1,finite
FNDA:1,NaN
FNDA:0,null
FNDA:1,array
FNDA:1,boolean
FNDA:1,bigInt
FNDA:1,date
FNDA:1,generator
FNDA:1,asyncGenerator
FNDA:1,globalThis
FNDA:1,infinity
FNDA:1,map
FNDA:1,weakMap
FNDA:5,number
FNDA:1,object
FNDA:1,promise
FNDA:1,regExp
FNDA:7,undefined
FNDA:1,set
FNDA:1,weakSet
FNDA:5,string
FNDA:1,symbol
FNDA:1,function
FNDA:1,asyncFunction
FNDA:1,generatorFunction
FNDA:1,asyncGeneratorFunction
FNDA:1,error
FNDA:1,evalError
FNDA:1,rangeError
FNDA:1,referenceError
FNDA:1,syntaxError
FNDA:1,typeError
FNDA:1,URIError
FNDA:1,bigInt64Array
FNDA:1,bigUint64Array
FNDA:1,float32Array
FNDA:1,float64Array
FNDA:1,int8Array
FNDA:1,int16Array
FNDA:1,int32Array
FNDA:1,uint8Array
FNDA:1,uint8ClampedArray
FNDA:1,uint16Array
FNDA:1,uint32Array
FNDA:0,arrayBuffer
FNDA:1,dataView
FNDA:1,sharedArrayBuffer
FNDA:1,intlDateTimeFormat
FNDA:1,intlCollator
FNDA:1,intlDisplayNames
FNDA:1,intlListFormat
FNDA:1,intlLocale
FNDA:1,intlNumberFormat
FNDA:1,intlPluralRules
FNDA:0,intlRelativeTimeFormat
FNDA:1,intlRelativeTimeFormat
FNDA:1,finalizationRegistry
FNDA:1,weakRef
DA:1,1
DA:2,1
DA:3,1
DA:4,1
DA:5,1
DA:6,1
DA:7,1
DA:8,1
DA:9,1
DA:10,1
DA:11,13
DA:12,13
DA:13,1
DA:14,1
DA:15,1
DA:16,11
DA:17,11
DA:18,11
DA:19,9
DA:20,9
DA:21,2
DA:22,11
DA:23,1
DA:24,1
DA:25,22
DA:26,13
DA:27,13
DA:28,9
DA:29,22
DA:30,1
DA:31,1
DA:32,38
DA:33,38
DA:34,38
DA:35,38
DA:36,0
DA:37,38
DA:38,1
DA:39,1
DA:40,5
DA:41,5
DA:42,5
DA:43,0
DA:44,5
DA:45,1
DA:46,1
DA:47,3
DA:48,3
DA:49,3
DA:50,0
DA:51,0
DA:52,0
DA:53,0
DA:54,0
DA:55,3
DA:56,1
DA:57,1
DA:58,6
DA:59,6
DA:60,0
DA:61,0
DA:62,6
DA:63,6
DA:64,6
DA:65,1
DA:66,1
DA:67,1
DA:68,1
DA:69,1
DA:70,1
DA:71,4
DA:72,4
DA:73,1
DA:74,1
DA:75,3
DA:76,3
DA:77,3
DA:78,3
DA:79,3
DA:80,5
DA:81,5
DA:82,2
DA:83,2
DA:84,2
DA:85,5
DA:86,0
DA:87,0
DA:88,5
DA:89,3
DA:90,3
DA:91,2
DA:92,2
DA:93,1
DA:94,1
DA:95,1
DA:96,3
DA:97,1
DA:98,1
DA:99,1
DA:100,1
DA:101,1
DA:102,1
DA:103,0
DA:104,1
DA:105,1
DA:106,1
DA:107,1
DA:108,0
DA:109,0
DA:110,1
DA:111,1
DA:112,1
DA:113,1
DA:114,0
DA:115,0
DA:116,1
DA:117,1
DA:118,1
DA:119,0
DA:120,0
DA:121,1
DA:122,1
DA:123,1
DA:124,1
DA:125,1
DA:126,1
DA:127,1
DA:128,1
DA:129,1
DA:130,1
DA:131,1
DA:132,1
DA:133,1
DA:134,1
DA:135,1
DA:136,1
DA:137,1
DA:138,1
DA:139,1
DA:140,1
DA:141,1
DA:142,1
DA:143,1
DA:144,1
DA:145,1
DA:146,1
DA:147,1
DA:148,1
DA:149,1
DA:150,1
DA:151,1
DA:152,1
DA:153,1
DA:154,1
DA:155,1
DA:156,1
DA:157,1
DA:158,1
DA:159,1
DA:160,1
DA:161,1
DA:162,1
DA:163,1
DA:164,5
DA:165,5
DA:166,1
DA:167,1
DA:168,1
DA:169,1
DA:170,1
DA:171,1
DA:172,1
DA:173,1
DA:174,1
DA:175,1
DA:176,1
DA:177,1
DA:178,1
DA:179,1
DA:180,7
DA:181,7
DA:182,1
DA:183,1
DA:184,1
DA:185,1
DA:186,1
DA:187,1
DA:188,1
DA:189,1
DA:190,1
DA:191,1
DA:192,5
DA:193,5
DA:194,1
DA:195,1
DA:196,1
DA:197,1
DA:198,1
DA:199,1
DA:200,1
DA:201,1
DA:202,1
DA:203,1
DA:204,1
DA:205,1
DA:206,1
DA:207,1
DA:208,1
DA:209,1
DA:210,1
DA:211,1
DA:212,1
DA:213,1
DA:214,1
DA:215,1
DA:216,1
DA:217,1
DA:218,1
DA:219,1
DA:220,1
DA:221,1
DA:222,1
DA:223,1
DA:224,1
DA:225,1
DA:226,1
DA:227,1
DA:228,1
DA:229,1
DA:230,1
DA:231,1
DA:232,1
DA:233,1
DA:234,1
DA:235,1
DA:236,1
DA:237,1
DA:238,1
DA:239,1
DA:240,1
DA:241,1
DA:242,1
DA:243,1
DA:244,1
DA:245,1
DA:246,1
DA:247,1
DA:248,1
DA:249,1
DA:250,1
DA:251,1
DA:252,1
DA:253,1
DA:254,1
DA:255,1
DA:256,1
DA:257,1
DA:258,1
DA:259,1
DA:260,1
DA:261,1
DA:262,1
DA:263,1
DA:264,1
DA:265,1
DA:266,1
DA:267,1
DA:268,1
DA:269,1
DA:270,1
DA:271,1
DA:272,1
DA:273,1
DA:274,1
DA:275,1
DA:276,1
DA:277,1
DA:278,1
DA:279,1
DA:280,1
DA:281,1
DA:282,1
DA:283,1
DA:284,1
DA:285,1
DA:286,1
DA:287,1
DA:288,1
DA:289,1
DA:290,1
DA:291,1
DA:292,0
DA:293,0
DA:294,1
DA:295,1
DA:296,1
DA:297,1
DA:298,1
DA:299,1
DA:300,1
DA:301,1
DA:302,1
DA:303,1
DA:304,1
DA:305,1
DA:306,1
DA:307,1
DA:308,1
DA:309,1
DA:310,1
DA:311,1
DA:312,1
DA:313,1
DA:314,1
DA:315,1
DA:316,1
DA:317,1
DA:318,1
DA:319,1
DA:320,1
DA:321,1
DA:322,1
DA:323,1
DA:324,1
DA:325,1
DA:326,1
DA:327,1
DA:328,1
DA:329,1
DA:330,1
DA:331,1
DA:332,1
DA:333,0
DA:334,0
DA:335,1
DA:336,1
DA:337,1
DA:338,1
DA:339,1
DA:340,1
DA:341,1
DA:342,1
DA:343,1
DA:344,1
DA:345,1
DA:346,1
DA:347,1
DA:348,1
DA:349,1
DA:350,1
DA:351,1
DA:352,1
LF:352
LH:330
BRDA:1,0,0,1
BRDA:10,1,0,13
BRDA:15,2,0,11
BRDA:18,3,0,9
BRDA:21,4,0,2
BRDA:24,5,0,22
BRDA:25,6,0,13
BRDA:28,7,0,9
BRDA:31,8,0,38
BRDA:36,9,0,0
BRDA:39,10,0,5
BRDA:43,11,0,0
BRDA:46,12,0,3
BRDA:50,13,0,0
BRDA:57,14,0,6
BRDA:59,15,0,0
BRDA:66,16,0,1
BRDA:70,17,0,4
BRDA:74,18,0,3
BRDA:79,19,0,5
BRDA:81,20,0,2
BRDA:85,21,0,0
BRDA:90,22,0,2
BRDA:93,23,0,1
BRDA:99,24,0,1
BRDA:103,25,0,0
BRDA:106,26,0,1
BRDA:107,27,0,0
BRDA:114,28,0,0
BRDA:123,29,0,1
BRDA:127,30,0,1
BRDA:131,31,0,1
BRDA:135,32,0,1
BRDA:139,33,0,1
BRDA:143,34,0,1
BRDA:147,35,0,1
BRDA:151,36,0,1
BRDA:155,37,0,1
BRDA:159,38,0,1
BRDA:163,39,0,5
BRDA:167,40,0,1
BRDA:171,41,0,1
BRDA:175,42,0,1
BRDA:179,43,0,7
BRDA:183,44,0,1
BRDA:187,45,0,1
BRDA:191,46,0,5
BRDA:195,47,0,1
BRDA:200,48,0,1
BRDA:204,49,0,1
BRDA:208,50,0,1
BRDA:212,51,0,1
BRDA:217,52,0,1
BRDA:221,53,0,1
BRDA:225,54,0,1
BRDA:229,55,0,1
BRDA:233,56,0,1
BRDA:237,57,0,1
BRDA:241,58,0,1
BRDA:246,59,0,1
BRDA:250,60,0,1
BRDA:254,61,0,1
BRDA:258,62,0,1
BRDA:262,63,0,1
BRDA:266,64,0,1
BRDA:270,65,0,1
BRDA:274,66,0,1
BRDA:278,67,0,1
BRDA:282,68,0,1
BRDA:286,69,0,1
BRDA:295,70,0,1
BRDA:299,71,0,1
BRDA:300,72,0,1
BRDA:300,73,0,0
BRDA:304,74,0,1
BRDA:308,75,0,1
BRDA:312,76,0,1
BRDA:316,77,0,1
BRDA:320,78,0,1
BRDA:324,79,0,1
BRDA:328,80,0,1
BRDA:336,81,0,1
BRDA:343,82,0,1
BRDA:347,83,0,1
BRF:84
BRH:75
end_of_record
